TN:
SF:src\services\authSlice.ts
FN:17,(anonymous_13)
FN:17,(anonymous_14)
FN:27,(anonymous_16)
FN:27,(anonymous_17)
FN:37,(anonymous_19)
FN:46,(anonymous_22)
FN:46,(anonymous_23)
FN:54,(anonymous_25)
FN:57,(anonymous_28)
FN:58,(anonymous_29)
FN:62,(anonymous_30)
FN:89,(anonymous_31)
FN:92,(anonymous_32)
FN:97,(anonymous_33)
FN:99,(anonymous_34)
FN:103,(anonymous_35)
FN:109,(anonymous_36)
FN:115,(anonymous_37)
FN:119,(anonymous_38)
FN:125,(anonymous_39)
FN:131,(anonymous_40)
FN:135,(anonymous_41)
FN:139,(anonymous_42)
FN:145,(anonymous_43)
FN:146,(anonymous_44)
FN:147,(anonymous_45)
FNF:26
FNH:12
FNDA:0,(anonymous_13)
FNDA:0,(anonymous_14)
FNDA:0,(anonymous_16)
FNDA:0,(anonymous_17)
FNDA:0,(anonymous_19)
FNDA:0,(anonymous_22)
FNDA:0,(anonymous_23)
FNDA:0,(anonymous_25)
FNDA:0,(anonymous_28)
FNDA:0,(anonymous_29)
FNDA:0,(anonymous_30)
FNDA:2,(anonymous_31)
FNDA:2,(anonymous_32)
FNDA:3,(anonymous_33)
FNDA:1,(anonymous_34)
FNDA:1,(anonymous_35)
FNDA:1,(anonymous_36)
FNDA:1,(anonymous_37)
FNDA:1,(anonymous_38)
FNDA:1,(anonymous_39)
FNDA:1,(anonymous_40)
FNDA:1,(anonymous_41)
FNDA:1,(anonymous_42)
FNDA:0,(anonymous_43)
FNDA:0,(anonymous_44)
FNDA:0,(anonymous_45)
DA:1,3
DA:2,3
DA:3,3
DA:12,3
DA:13,3
DA:15,3
DA:17,0
DA:18,0
DA:19,0
DA:20,0
DA:21,0
DA:25,3
DA:27,0
DA:28,0
DA:29,0
DA:30,0
DA:31,0
DA:35,3
DA:37,0
DA:38,0
DA:39,0
DA:40,0
DA:44,3
DA:46,0
DA:47,0
DA:48,0
DA:52,3
DA:54,0
DA:55,0
DA:56,0
DA:57,0
DA:59,0
DA:60,0
DA:62,0
DA:64,0
DA:77,3
DA:85,3
DA:90,2
DA:93,2
DA:98,3
DA:100,1
DA:101,1
DA:104,1
DA:105,1
DA:106,1
DA:107,1
DA:110,1
DA:111,1
DA:112,1
DA:114,3
DA:116,1
DA:117,1
DA:120,1
DA:121,1
DA:122,1
DA:123,1
DA:126,1
DA:127,1
DA:128,1
DA:130,3
DA:132,1
DA:133,1
DA:136,1
DA:137,1
DA:139,3
DA:140,1
DA:141,1
DA:145,0
DA:146,0
DA:147,0
DA:151,3
DA:154,3
LF:72
LH:44
BRDA:18,0,0,0
BRDA:28,1,0,0
BRDA:38,2,0,0
BRDA:47,3,0,0
BRDA:55,4,0,0
BRDA:55,4,1,0
BRDA:147,5,0,0
BRDA:147,5,1,0
BRDA:147,6,0,0
BRDA:147,6,1,0
BRF:10
BRH:0
end_of_record
TN:
SF:src\services\constructorSlice.ts
FN:22,(anonymous_2)
FN:29,(anonymous_3)
FN:35,(anonymous_4)
FN:39,(anonymous_5)
FN:47,(anonymous_6)
FN:56,(anonymous_7)
FN:62,(anonymous_8)
FN:63,(anonymous_9)
FNF:8
FNH:4
FNDA:1,(anonymous_2)
FNDA:0,(anonymous_3)
FNDA:1,(anonymous_4)
FNDA:2,(anonymous_5)
FNDA:2,(anonymous_6)
FNDA:0,(anonymous_7)
FNDA:0,(anonymous_8)
FNDA:0,(anonymous_9)
DA:1,2
DA:2,2
DA:3,2
DA:11,2
DA:17,2
DA:23,1
DA:24,0
DA:26,1
DA:30,0
DA:31,0
DA:36,1
DA:40,2
DA:41,2
DA:42,1
DA:43,1
DA:44,1
DA:48,2
DA:49,2
DA:50,1
DA:51,1
DA:52,1
DA:57,0
DA:58,0
DA:62,0
DA:63,0
DA:67,2
DA:71,2
LF:27
LH:20
BRDA:23,0,0,0
BRDA:23,0,1,1
BRDA:41,1,0,1
BRDA:49,2,0,1
BRF:4
BRH:3
end_of_record
TN:
SF:src\services\ingredientsSlice.ts
FN:30,(anonymous_0)
FN:31,(anonymous_1)
FN:33,(anonymous_2)
FN:35,(anonymous_3)
FN:39,(anonymous_4)
FN:44,(anonymous_5)
FNF:6
FNH:4
FNDA:0,(anonymous_0)
FNDA:0,(anonymous_1)
FNDA:3,(anonymous_2)
FNDA:1,(anonymous_3)
FNDA:1,(anonymous_4)
FNDA:1,(anonymous_5)
DA:1,3
DA:2,3
DA:3,3
DA:4,3
DA:6,3
DA:18,3
DA:25,3
DA:30,0
DA:31,0
DA:34,3
DA:36,1
DA:37,1
DA:41,1
DA:42,1
DA:45,1
DA:46,1
DA:47,1
DA:52,3
LF:18
LH:16
BRF:0
BRH:0
end_of_record
TN:
SF:src\services\ordersSlice.ts
FN:11,(anonymous_13)
FN:16,(anonymous_16)
FN:23,(anonymous_19)
FN:23,(anonymous_20)
FN:31,(anonymous_22)
FN:31,(anonymous_23)
FN:67,(anonymous_25)
FN:73,(anonymous_26)
FN:74,(anonymous_27)
FN:75,(anonymous_28)
FN:76,(anonymous_29)
FN:77,(anonymous_30)
FN:78,(anonymous_31)
FN:79,(anonymous_32)
FN:81,(anonymous_33)
FN:83,(anonymous_34)
FN:87,(anonymous_35)
FN:94,(anonymous_36)
FN:103,(anonymous_37)
FN:107,(anonymous_38)
FN:112,(anonymous_39)
FN:118,(anonymous_40)
FN:122,(anonymous_41)
FN:128,(anonymous_42)
FN:134,(anonymous_43)
FN:138,(anonymous_44)
FN:143,(anonymous_45)
FNF:27
FNH:14
FNDA:0,(anonymous_13)
FNDA:0,(anonymous_16)
FNDA:0,(anonymous_19)
FNDA:0,(anonymous_20)
FNDA:0,(anonymous_22)
FNDA:0,(anonymous_23)
FNDA:14,(anonymous_25)
FNDA:0,(anonymous_26)
FNDA:0,(anonymous_27)
FNDA:0,(anonymous_28)
FNDA:0,(anonymous_29)
FNDA:0,(anonymous_30)
FNDA:0,(anonymous_31)
FNDA:0,(anonymous_32)
FNDA:2,(anonymous_33)
FNDA:1,(anonymous_34)
FNDA:1,(anonymous_35)
FNDA:1,(anonymous_36)
FNDA:1,(anonymous_37)
FNDA:1,(anonymous_38)
FNDA:1,(anonymous_39)
FNDA:1,(anonymous_40)
FNDA:1,(anonymous_41)
FNDA:1,(anonymous_42)
FNDA:1,(anonymous_43)
FNDA:1,(anonymous_44)
FNDA:1,(anonymous_45)
DA:1,2
DA:2,2
DA:3,2
DA:4,2
DA:11,2
DA:12,0
DA:13,0
DA:16,2
DA:17,0
DA:18,0
DA:21,2
DA:23,0
DA:24,0
DA:25,0
DA:29,2
DA:31,0
DA:32,0
DA:33,0
DA:50,2
DA:63,2
DA:68,14
DA:69,14
DA:73,0
DA:74,0
DA:75,0
DA:76,0
DA:77,0
DA:78,0
DA:79,0
DA:82,2
DA:84,1
DA:85,1
DA:88,1
DA:89,1
DA:90,1
DA:91,1
DA:92,1
DA:95,1
DA:96,1
DA:97,1
DA:98,1
DA:99,1
DA:100,1
DA:102,2
DA:104,1
DA:105,1
DA:108,1
DA:109,1
DA:110,1
DA:113,1
DA:114,1
DA:115,1
DA:117,2
DA:119,1
DA:120,1
DA:123,1
DA:124,1
DA:125,1
DA:126,1
DA:129,1
DA:130,1
DA:131,1
DA:133,2
DA:135,1
DA:136,1
DA:139,1
DA:140,1
DA:141,1
DA:144,1
DA:145,1
DA:146,1
DA:152,2
DA:161,2
LF:73
LH:56
BRDA:12,0,0,0
BRDA:17,1,0,0
BRDA:24,2,0,0
BRDA:32,3,0,0
BRF:4
BRH:0
end_of_record
TN:
SF:src\services\store.ts
FN:28,(anonymous_0)
FNF:1
FNH:0
FNDA:0,(anonymous_0)
DA:1,1
DA:2,1
DA:3,1
DA:8,1
DA:9,1
DA:10,1
DA:12,1
DA:19,1
DA:28,1
DA:29,1
DA:31,1
LF:11
LH:11
BRF:0
BRH:0
end_of_record
TN:
SF:src\utils\burger-api.ts
FN:6,(anonymous_13)
FN:7,(anonymous_14)
FN:18,(anonymous_15)
FN:28,(anonymous_16)
FN:29,(anonymous_17)
FN:38,(anonymous_18)
FN:40,(anonymous_19)
FN:74,(anonymous_21)
FN:76,(anonymous_22)
FN:77,(anonymous_23)
FN:82,(anonymous_24)
FN:84,(anonymous_25)
FN:85,(anonymous_26)
FN:90,(anonymous_27)
FN:97,(anonymous_28)
FN:107,(anonymous_29)
FN:117,(anonymous_30)
FN:126,(anonymous_31)
FN:132,(anonymous_32)
FN:146,(anonymous_33)
FN:154,(anonymous_34)
FN:155,(anonymous_35)
FN:165,(anonymous_36)
FN:173,(anonymous_37)
FN:174,(anonymous_38)
FN:179,(anonymous_39)
FN:187,(anonymous_40)
FN:188,(anonymous_41)
FN:193,(anonymous_42)
FN:201,(anonymous_43)
FN:202,(anonymous_44)
FN:209,(anonymous_45)
FN:216,(anonymous_46)
FN:226,(anonymous_47)
FN:235,(anonymous_48)
FNF:35
FNH:0
FNDA:0,(anonymous_13)
FNDA:0,(anonymous_14)
FNDA:0,(anonymous_15)
FNDA:0,(anonymous_16)
FNDA:0,(anonymous_17)
FNDA:0,(anonymous_18)
FNDA:0,(anonymous_19)
FNDA:0,(anonymous_21)
FNDA:0,(anonymous_22)
FNDA:0,(anonymous_23)
FNDA:0,(anonymous_24)
FNDA:0,(anonymous_25)
FNDA:0,(anonymous_26)
FNDA:0,(anonymous_27)
FNDA:0,(anonymous_28)
FNDA:0,(anonymous_29)
FNDA:0,(anonymous_30)
FNDA:0,(anonymous_31)
FNDA:0,(anonymous_32)
FNDA:0,(anonymous_33)
FNDA:0,(anonymous_34)
FNDA:0,(anonymous_35)
FNDA:0,(anonymous_36)
FNDA:0,(anonymous_37)
FNDA:0,(anonymous_38)
FNDA:0,(anonymous_39)
FNDA:0,(anonymous_40)
FNDA:0,(anonymous_41)
FNDA:0,(anonymous_42)
FNDA:0,(anonymous_43)
FNDA:0,(anonymous_44)
FNDA:0,(anonymous_45)
FNDA:0,(anonymous_46)
FNDA:0,(anonymous_47)
FNDA:0,(anonymous_48)
DA:1,4
DA:4,4
DA:6,4
DA:7,0
DA:18,4
DA:19,0
DA:28,0
DA:30,0
DA:31,0
DA:33,0
DA:34,0
DA:35,0
DA:38,4
DA:40,0
DA:43,0
DA:44,0
DA:46,0
DA:47,0
DA:48,0
DA:49,0
DA:52,0
DA:53,0
DA:55,0
DA:74,4
DA:75,0
DA:76,0
DA:78,0
DA:79,0
DA:82,4
DA:83,0
DA:84,0
DA:86,0
DA:87,0
DA:90,4
DA:91,0
DA:98,0
DA:99,0
DA:107,4
DA:108,0
DA:118,0
DA:119,0
DA:126,4
DA:127,0
DA:132,0
DA:146,4
DA:147,0
DA:154,0
DA:156,0
DA:157,0
DA:165,4
DA:166,0
DA:173,0
DA:175,0
DA:176,0
DA:179,4
DA:180,0
DA:187,0
DA:189,0
DA:190,0
DA:193,4
DA:194,0
DA:201,0
DA:203,0
DA:204,0
DA:209,4
DA:210,0
DA:216,4
DA:217,0
DA:226,4
DA:227,0
DA:235,0
LF:71
LH:17
BRDA:7,0,0,0
BRDA:7,0,1,0
BRDA:30,1,0,0
BRDA:44,2,0,0
BRDA:44,2,1,0
BRDA:44,2,2,0
BRDA:46,3,0,0
BRDA:48,4,0,0
BRDA:78,5,0,0
BRDA:78,6,0,0
BRDA:78,6,1,0
BRDA:78,7,0,0
BRDA:78,7,1,0
BRDA:86,8,0,0
BRDA:86,9,0,0
BRDA:86,9,1,0
BRDA:86,10,0,0
BRDA:86,10,1,0
BRDA:98,11,0,0
BRDA:98,12,0,0
BRDA:98,12,1,0
BRDA:98,13,0,0
BRDA:98,13,1,0
BRDA:118,14,0,0
BRDA:118,15,0,0
BRDA:118,15,1,0
BRDA:118,16,0,0
BRDA:118,16,1,0
BRDA:156,17,0,0
BRDA:156,18,0,0
BRDA:156,18,1,0
BRDA:156,19,0,0
BRDA:156,19,1,0
BRDA:175,20,0,0
BRDA:175,21,0,0
BRDA:175,21,1,0
BRDA:175,22,0,0
BRDA:175,22,1,0
BRDA:189,23,0,0
BRDA:189,24,0,0
BRDA:189,24,1,0
BRDA:189,25,0,0
BRDA:189,25,1,0
BRDA:203,26,0,0
BRDA:203,27,0,0
BRDA:203,27,1,0
BRDA:203,28,0,0
BRDA:203,28,1,0
BRF:48
BRH:0
end_of_record
TN:
SF:src\utils\cookie.ts
FN:1,getCookie
FN:13,setCookie
FN:45,deleteCookie
FNF:3
FNH:0
FNDA:0,getCookie
FNDA:0,setCookie
FNDA:0,deleteCookie
DA:1,4
DA:2,0
DA:10,0
DA:13,4
DA:16,0
DA:18,0
DA:23,0
DA:24,0
DA:25,0
DA:26,0
DA:27,0
DA:30,0
DA:31,0
DA:33,0
DA:34,0
DA:35,0
DA:36,0
DA:37,0
DA:38,0
DA:39,0
DA:42,0
DA:45,4
DA:46,0
LF:23
LH:3
BRDA:10,0,0,0
BRDA:10,0,1,0
BRDA:16,1,0,0
BRDA:24,2,0,0
BRDA:24,3,0,0
BRDA:24,3,1,0
BRDA:30,4,0,0
BRDA:30,5,0,0
BRDA:30,5,1,0
BRDA:38,6,0,0
BRF:10
BRH:0
end_of_record
TN:
SF:src\utils\types.ts
FN:42,(anonymous_0)
FNF:1
FNH:1
FNDA:5,(anonymous_0)
DA:42,5
DA:43,5
DA:44,5
DA:45,5
DA:46,5
LF:5
LH:5
BRDA:42,0,0,5
BRDA:42,0,1,5
BRF:2
BRH:2
end_of_record
